<?xml version="1.0" encoding="UTF-8"?>
<testsuites name="MobileTestSuite" time="154" tests="0" failures="1" errors="0">
   <testsuite name="MobileTestSuite" tests="0" failures="1" errors="0" time="154" timestamp="2018-01-18 18:36:51" hostname="ENguli - LTTECH1550.safaricom.net" id="Test Suites/MobileTestSuite">
      <properties>
         <property name="deviceName" value="samsung SM-A720F 7.0"/>
         <property name="devicePlatform" value=""/>
         <property name="logFolder" value="C:\\Users\\enguli\\git\\KatalonStudioRepo\\Reports\\MobileTestSuite\\20180118_183642"/>
         <property name="logFiles" value="C:\\Users\\enguli\\git\\KatalonStudioRepo\\Reports\\MobileTestSuite\\20180118_183642\\appium.log, C:\\Users\\enguli\\git\\KatalonStudioRepo\\Reports\\MobileTestSuite\\20180118_183642\\execution0.log"/>
         <property name="attachments" value=""/>
         <property name="hostName" value="ENguli - LTTECH1550.safaricom.net"/>
         <property name="os" value="Windows 7 64bit"/>
         <property name="katalonVersion" value="5.2.0.1"/>
         <property name="deviceOS" value="Android"/>
         <property name="appiumVersion" value="1.7.1"/>
         <property name="deviceModel" value="SM-A720F"/>
         <property name="hostAddress" value="192.168.43.131"/>
         <property name="deviceManufacturer" value="samsung"/>
         <property name="deviceId" value="52107342b2c2839f"/>
         <property name="deviceName" value="samsung SM-A720F 7.0"/>
         <property name="deviceOSVersion" value="7.0"/>
      </properties>
      <testcase name="Test Cases/TC04" classname="Test Cases/TC04" status="FAILED">
         <failure type="FAILED" message="Verify element text of test object 'Object Repository/HelloWorld' FAILED. (Root cause: Actual text 'Hello world!' and expected text 'Hello World!' of test object 'Object Repository/HelloWorld' are NOT matched.)"/>
         <system-out><![CDATA[2018-01-18 18:36:52 - [TEST_CASE][FAILED] - Test Cases/TC04: Test Cases/TC04 FAILED because (of) Verify element text of test object 'Object Repository/HelloWorld' FAILED. (Root cause: Actual text 'Hello world!' and expected text 'Hello World!' of test object 'Object Repository/HelloWorld' are NOT matched.)

2018-01-18 18:36:53 - [TEST_STEP][PASSED] - startApplication: Started app at: 'D:\QA\APK\MaterialLoginExample.apk'

2018-01-18 18:38:49 - [MESSAGE][PASSED] - Started app at: 'D:\QA\APK\MaterialLoginExample.apk'

2018-01-18 18:38:49 - [TEST_STEP][PASSED] - tap: Tapped on element 'Object Repository/android.widget.EditText0'

2018-01-18 18:38:49 - [MESSAGE][WARNING] - Timeout '0' is invalid. Using default page load timeout: '30'

2018-01-18 18:38:51 - [MESSAGE][PASSED] - Tapped on element 'Object Repository/android.widget.EditText0'

2018-01-18 18:38:51 - [TEST_STEP][PASSED] - hideKeyboard: Keyboard is hidden

2018-01-18 18:38:53 - [MESSAGE][PASSED] - Keyboard is hidden

2018-01-18 18:38:54 - [TEST_STEP][PASSED] - setText: Text 'elsiebet@yahoo.com' has been set to element 'Object Repository/android.widget.EditText0 (1)'

2018-01-18 18:38:54 - [MESSAGE][WARNING] - Timeout '0' is invalid. Using default page load timeout: '30'

2018-01-18 18:39:03 - [MESSAGE][PASSED] - Text 'elsiebet@yahoo.com' has been set to element 'Object Repository/android.widget.EditText0 (1)'

2018-01-18 18:39:03 - [TEST_STEP][PASSED] - tap: Tapped on element 'Object Repository/android.widget.EditText1'

2018-01-18 18:39:03 - [MESSAGE][WARNING] - Timeout '0' is invalid. Using default page load timeout: '30'

2018-01-18 18:39:07 - [MESSAGE][PASSED] - Tapped on element 'Object Repository/android.widget.EditText1'

2018-01-18 18:39:07 - [TEST_STEP][PASSED] - hideKeyboard: Keyboard is hidden

2018-01-18 18:39:09 - [MESSAGE][PASSED] - Keyboard is hidden

2018-01-18 18:39:10 - [TEST_STEP][PASSED] - setText: Text 'Test' has been set to element 'Object Repository/android.widget.EditText1 (1)'

2018-01-18 18:39:10 - [MESSAGE][WARNING] - Timeout '0' is invalid. Using default page load timeout: '30'

2018-01-18 18:39:18 - [MESSAGE][PASSED] - Text 'Test' has been set to element 'Object Repository/android.widget.EditText1 (1)'

2018-01-18 18:39:18 - [TEST_STEP][PASSED] - tap: Tapped on element 'Object Repository/android.widget.Button0 - LOGIN'

2018-01-18 18:39:18 - [MESSAGE][WARNING] - Timeout '0' is invalid. Using default page load timeout: '30'

2018-01-18 18:39:21 - [MESSAGE][PASSED] - Tapped on element 'Object Repository/android.widget.Button0 - LOGIN'

2018-01-18 18:39:21 - [TEST_STEP][FAILED] - verifyElementText: Verify element text of test object 'Object Repository/HelloWorld' FAILED. (Root cause: Actual text 'Hello world!' and expected text 'Hello World!' of test object 'Object Repository/HelloWorld' are NOT matched.)

2018-01-18 18:39:21 - [MESSAGE][FAILED] - Actual text 'Hello world!' and expected text 'Hello World!' of test object 'Object Repository/HelloWorld' are NOT matched.

2018-01-18 18:39:21 - [MESSAGE][FAILED] - Verify element text of test object 'Object Repository/HelloWorld' FAILED. (Root cause: Actual text 'Hello world!' and expected text 'Hello World!' of test object 'Object Repository/HelloWorld' are NOT matched.)]]></system-out>
         <system-err><![CDATA[2018-01-18 18:36:52 - [TEST_CASE][FAILED] - Test Cases/TC04: Test Cases/TC04 FAILED because (of) Verify element text of test object 'Object Repository/HelloWorld' FAILED. (Root cause: Actual text 'Hello world!' and expected text 'Hello World!' of test object 'Object Repository/HelloWorld' are NOT matched.)]]></system-err>
      </testcase>
      <system-out><![CDATA[2018-01-18 18:36:51 - [TEST_SUITE][FAILED] - MobileTestSuite: Test Cases/TC04 FAILED because (of) Verify element text of test object 'Object Repository/HelloWorld' FAILED. (Root cause: Actual text 'Hello world!' and expected text 'Hello World!' of test object 'Object Repository/HelloWorld' are NOT matched.)]]></system-out>
      <system-err><![CDATA[2018-01-18 18:36:51 - [TEST_SUITE][FAILED] - MobileTestSuite: Test Cases/TC04 FAILED because (of) Verify element text of test object 'Object Repository/HelloWorld' FAILED. (Root cause: Actual text 'Hello world!' and expected text 'Hello World!' of test object 'Object Repository/HelloWorld' are NOT matched.)]]></system-err>
   </testsuite>
</testsuites>
