<?xml version="1.0" encoding="UTF-8"?>
<testsuites name="AutomationTestSuite1" time="108" tests="2" failures="1" errors="0">
   <testsuite name="AutomationTestSuite1" tests="2" failures="1" errors="0" time="108" timestamp="2018-01-19 15:57:36" hostname="ENguli - LTTECH1550.safaricom.net" id="Test Suites/AutomationTestSuite1">
      <properties>
         <property name="deviceName" value=""/>
         <property name="devicePlatform" value=""/>
         <property name="logFolder" value="C:\\Users\\enguli\\git\\KatalonStudioRepo\\Reports\\AutomationTestSuite1\\20180119_155732"/>
         <property name="logFiles" value="C:\\Users\\enguli\\git\\KatalonStudioRepo\\Reports\\AutomationTestSuite1\\20180119_155732\\execution0.log"/>
         <property name="attachments" value="C:\\Users\\enguli\\git\\KatalonStudioRepo\\Reports\\AutomationTestSuite1\\20180119_155732\\1516366763651.png"/>
         <property name="hostName" value="ENguli - LTTECH1550.safaricom.net"/>
         <property name="os" value="Windows 7 64bit"/>
         <property name="katalonVersion" value="5.2.0.1"/>
         <property name="browser" value="Chrome 63.0.3239.132"/>
         <property name="hostAddress" value="192.168.43.131"/>
         <property name="sessionId" value="8e1565aa4e76a99ed9b1a774100f6c0a"/>
         <property name="seleniumVersion" value="3.7.1"/>
         <property name="proxyInformation" value="ProxyInformation{proxyOption=NO_PROXY, proxyServerType=HTTP, password=, proxyServerAddress=, proxyServerPort=0}"/>
         <property name="platform" value="Windows 7"/>
      </properties>
      <testcase name="Test Cases/TC01" classname="Test Cases/TC01" status="PASSED">
         <system-out><![CDATA[2018-01-19 15:57:36 - [TEST_CASE][PASSED] - Test Cases/TC01: Test Cases/TC01

2018-01-19 15:57:36 - [TEST_STEP][PASSED] - Statement - For ([row = 1, row <= com.kms.katalon.core.testdata.TestDataFactory.findTestData(HRM_Login_Creds).getRowNumbers(), (row++)]): Browser is closed

2018-01-19 15:57:37 - [TEST_STEP][PASSED] - openBrowser: Browser is opened with url: ''

2018-01-19 15:57:41 - [MESSAGE][PASSED] - Browser is opened with url: ''

2018-01-19 15:57:41 - [TEST_STEP][PASSED] - navigateToUrl: Navigate to 'http://opensource.demo.orangehrmlive.com/' successfully

2018-01-19 15:57:43 - [MESSAGE][PASSED] - Navigate to 'http://opensource.demo.orangehrmlive.com/' successfully

2018-01-19 15:57:43 - [TEST_STEP][PASSED] - click: Object: 'Object Repository/Page_OrangeHRM/span_Username' is clicked on

2018-01-19 15:57:44 - [MESSAGE][PASSED] - Object: 'Object Repository/Page_OrangeHRM/span_Username' is clicked on

2018-01-19 15:57:44 - [TEST_STEP][PASSED] - setText: Text 'test' is set on object 'Object Repository/Page_OrangeHRM/input_txtUsername'

2018-01-19 15:57:44 - [MESSAGE][PASSED] - Text 'test' is set on object 'Object Repository/Page_OrangeHRM/input_txtUsername'

2018-01-19 15:57:44 - [TEST_STEP][PASSED] - setText: Text 'test' is set on object 'Object Repository/Page_OrangeHRM/input_txtPassword'

2018-01-19 15:57:44 - [MESSAGE][PASSED] - Text 'test' is set on object 'Object Repository/Page_OrangeHRM/input_txtPassword'

2018-01-19 15:57:44 - [TEST_STEP][PASSED] - click: Object: 'Object Repository/Page_OrangeHRM/input_Submit' is clicked on

2018-01-19 15:57:45 - [MESSAGE][PASSED] - Object: 'Object Repository/Page_OrangeHRM/input_Submit' is clicked on

2018-01-19 15:57:45 - [TEST_STEP][PASSED] - verifyTextPresent: Text 'Invalid credentials' is present on page 

2018-01-19 15:57:45 - [MESSAGE][PASSED] - Text 'Invalid credentials' is present on page 

2018-01-19 15:57:45 - [TEST_STEP][PASSED] - closeBrowser: Browser is closed

2018-01-19 15:57:46 - [MESSAGE][PASSED] - Browser is closed

2018-01-19 15:57:46 - [TEST_STEP][PASSED] - openBrowser: Browser is opened with url: ''

2018-01-19 15:57:50 - [MESSAGE][PASSED] - Browser is opened with url: ''

2018-01-19 15:57:50 - [TEST_STEP][PASSED] - navigateToUrl: Navigate to 'http://opensource.demo.orangehrmlive.com/' successfully

2018-01-19 15:57:52 - [MESSAGE][PASSED] - Navigate to 'http://opensource.demo.orangehrmlive.com/' successfully

2018-01-19 15:57:52 - [TEST_STEP][PASSED] - click: Object: 'Object Repository/Page_OrangeHRM/span_Username' is clicked on

2018-01-19 15:57:52 - [MESSAGE][PASSED] - Object: 'Object Repository/Page_OrangeHRM/span_Username' is clicked on

2018-01-19 15:57:52 - [TEST_STEP][PASSED] - setText: Text 'Admin' is set on object 'Object Repository/Page_OrangeHRM/input_txtUsername'

2018-01-19 15:57:52 - [MESSAGE][PASSED] - Text 'Admin' is set on object 'Object Repository/Page_OrangeHRM/input_txtUsername'

2018-01-19 15:57:52 - [TEST_STEP][PASSED] - setText: Text 'admin' is set on object 'Object Repository/Page_OrangeHRM/input_txtPassword'

2018-01-19 15:57:52 - [MESSAGE][PASSED] - Text 'admin' is set on object 'Object Repository/Page_OrangeHRM/input_txtPassword'

2018-01-19 15:57:52 - [TEST_STEP][PASSED] - click: Object: 'Object Repository/Page_OrangeHRM/input_Submit' is clicked on

2018-01-19 15:57:57 - [MESSAGE][PASSED] - Object: 'Object Repository/Page_OrangeHRM/input_Submit' is clicked on

2018-01-19 15:57:57 - [TEST_STEP][PASSED] - verifyTextPresent: Text 'Welcome Admin' is present on page 

2018-01-19 15:57:57 - [MESSAGE][PASSED] - Text 'Welcome Admin' is present on page 

2018-01-19 15:57:57 - [TEST_STEP][PASSED] - closeBrowser: Browser is closed

2018-01-19 15:57:58 - [MESSAGE][PASSED] - Browser is closed

2018-01-19 15:57:58 - [TEST_STEP][PASSED] - openBrowser: Browser is opened with url: ''

2018-01-19 15:58:01 - [MESSAGE][PASSED] - Browser is opened with url: ''

2018-01-19 15:58:01 - [TEST_STEP][PASSED] - navigateToUrl: Navigate to 'http://opensource.demo.orangehrmlive.com/' successfully

2018-01-19 15:58:04 - [MESSAGE][PASSED] - Navigate to 'http://opensource.demo.orangehrmlive.com/' successfully

2018-01-19 15:58:04 - [TEST_STEP][PASSED] - click: Object: 'Object Repository/Page_OrangeHRM/span_Username' is clicked on

2018-01-19 15:58:04 - [MESSAGE][PASSED] - Object: 'Object Repository/Page_OrangeHRM/span_Username' is clicked on

2018-01-19 15:58:04 - [TEST_STEP][PASSED] - setText: Text 'Admin' is set on object 'Object Repository/Page_OrangeHRM/input_txtUsername'

2018-01-19 15:58:04 - [MESSAGE][PASSED] - Text 'Admin' is set on object 'Object Repository/Page_OrangeHRM/input_txtUsername'

2018-01-19 15:58:04 - [TEST_STEP][PASSED] - setText: Text '' is set on object 'Object Repository/Page_OrangeHRM/input_txtPassword'

2018-01-19 15:58:04 - [MESSAGE][PASSED] - Text '' is set on object 'Object Repository/Page_OrangeHRM/input_txtPassword'

2018-01-19 15:58:04 - [TEST_STEP][PASSED] - click: Object: 'Object Repository/Page_OrangeHRM/input_Submit' is clicked on

2018-01-19 15:58:04 - [MESSAGE][PASSED] - Object: 'Object Repository/Page_OrangeHRM/input_Submit' is clicked on

2018-01-19 15:58:04 - [TEST_STEP][PASSED] - verifyTextPresent: Text 'Password cannot be empty' is present on page 

2018-01-19 15:58:04 - [MESSAGE][PASSED] - Text 'Password cannot be empty' is present on page 

2018-01-19 15:58:04 - [TEST_STEP][PASSED] - closeBrowser: Browser is closed

2018-01-19 15:58:05 - [MESSAGE][PASSED] - Browser is closed

2018-01-19 15:58:05 - [TEST_STEP][PASSED] - openBrowser: Browser is opened with url: ''

2018-01-19 15:58:08 - [MESSAGE][PASSED] - Browser is opened with url: ''

2018-01-19 15:58:08 - [TEST_STEP][PASSED] - navigateToUrl: Navigate to 'http://opensource.demo.orangehrmlive.com/' successfully

2018-01-19 15:58:10 - [MESSAGE][PASSED] - Navigate to 'http://opensource.demo.orangehrmlive.com/' successfully

2018-01-19 15:58:10 - [TEST_STEP][PASSED] - click: Object: 'Object Repository/Page_OrangeHRM/span_Username' is clicked on

2018-01-19 15:58:10 - [MESSAGE][PASSED] - Object: 'Object Repository/Page_OrangeHRM/span_Username' is clicked on

2018-01-19 15:58:10 - [TEST_STEP][PASSED] - setText: Text '' is set on object 'Object Repository/Page_OrangeHRM/input_txtUsername'

2018-01-19 15:58:10 - [MESSAGE][PASSED] - Text '' is set on object 'Object Repository/Page_OrangeHRM/input_txtUsername'

2018-01-19 15:58:10 - [TEST_STEP][PASSED] - setText: Text 'admin' is set on object 'Object Repository/Page_OrangeHRM/input_txtPassword'

2018-01-19 15:58:10 - [MESSAGE][PASSED] - Text 'admin' is set on object 'Object Repository/Page_OrangeHRM/input_txtPassword'

2018-01-19 15:58:10 - [TEST_STEP][PASSED] - click: Object: 'Object Repository/Page_OrangeHRM/input_Submit' is clicked on

2018-01-19 15:58:11 - [MESSAGE][PASSED] - Object: 'Object Repository/Page_OrangeHRM/input_Submit' is clicked on

2018-01-19 15:58:11 - [TEST_STEP][PASSED] - verifyTextPresent: Text 'Username cannot be empty' is present on page 

2018-01-19 15:58:11 - [MESSAGE][PASSED] - Text 'Username cannot be empty' is present on page 

2018-01-19 15:58:11 - [TEST_STEP][PASSED] - closeBrowser: Browser is closed

2018-01-19 15:58:11 - [MESSAGE][PASSED] - Browser is closed]]></system-out>
         <system-err><![CDATA[]]></system-err>
      </testcase>
      <testcase name="Test Cases/TC02" classname="Test Cases/TC02" status="PASSED">
         <system-out><![CDATA[2018-01-19 15:58:11 - [TEST_CASE][PASSED] - Test Cases/TC02: Test Cases/TC02

2018-01-19 15:58:12 - [TEST_STEP][PASSED] - Statement - row = <not implemented yet for class: org.codehaus.groovy.ast.expr.EmptyExpression>: null

2018-01-19 15:58:12 - [TEST_STEP][PASSED] - Statement - For ([row = 1, row <= com.kms.katalon.core.testdata.TestDataFactory.findTestData(New Test Data for Test Case).getRowNumbers(), (row++)]): Reading excel file with source file 'D:\QA\Book1.xlsx' and sheet name 'Sheet1'

2018-01-19 15:58:12 - [TEST_STEP][PASSED] - openBrowser: Browser is opened with url: ''

2018-01-19 15:58:15 - [MESSAGE][PASSED] - Browser is opened with url: ''

2018-01-19 15:58:15 - [TEST_STEP][PASSED] - navigateToUrl: Navigate to 'http://executeautomation.com/demosite/Login.html' successfully

2018-01-19 15:58:18 - [MESSAGE][PASSED] - Navigate to 'http://executeautomation.com/demosite/Login.html' successfully

2018-01-19 15:58:18 - [TEST_STEP][PASSED] - Statement - Login(com.kms.katalon.core.testdata.TestDataFactory.findTestData(New Test Data for Test Case).getValue("UserName", row), com.kms.katalon.core.testdata.TestDataFactory.findTestData(New Test Data for Test Case).getValue("Password", row)): Reading excel file with source file 'D:\QA\Book1.xlsx' and sheet name 'Sheet1'

2018-01-19 15:58:18 - [TEST_STEP][PASSED] - setText: Text 'admin' is set on object 'Object Repository/Page_Execute Automation/input_UserName'

2018-01-19 15:58:18 - [MESSAGE][PASSED] - Text 'admin' is set on object 'Object Repository/Page_Execute Automation/input_UserName'

2018-01-19 15:58:18 - [TEST_STEP][PASSED] - setText: Reading excel file with source file 'D:\QA\Book1.xlsx' and sheet name 'Sheet1'

2018-01-19 15:58:18 - [MESSAGE][PASSED] - Text 'admin' is set on object 'Object Repository/Page_Execute Automation/input_Password'

2018-01-19 15:58:18 - [TEST_STEP][PASSED] - click: Object: 'Object Repository/Page_Execute Automation/input_Login' is clicked on

2018-01-19 15:58:19 - [MESSAGE][PASSED] - Object: 'Object Repository/Page_Execute Automation/input_Login' is clicked on

2018-01-19 15:58:19 - [TEST_STEP][PASSED] - selectOptionByValue: All options with value '2' are selected in object 'Object Repository/Page_Execute Automation/select_TitleId'  using regular expression

2018-01-19 15:58:19 - [MESSAGE][PASSED] - All options with value '2' are selected in object 'Object Repository/Page_Execute Automation/select_TitleId'  using regular expression

2018-01-19 15:58:19 - [TEST_STEP][PASSED] - setText: Text 'LL' is set on object 'Object Repository/Page_Execute Automation/input_Initial'

2018-01-19 15:58:19 - [MESSAGE][PASSED] - Text 'LL' is set on object 'Object Repository/Page_Execute Automation/input_Initial'

2018-01-19 15:58:19 - [TEST_STEP][PASSED] - com.lisa.utilities.CommonUtilities.CheckDropDownListElementExist: com.lisa.utilities.CommonUtilities.CheckDropDownListElementExist is PASSED

2018-01-19 15:58:20 - [MESSAGE][PASSED] - com.lisa.utilities.CommonUtilities.CheckDropDownListElementExist is PASSED

2018-01-19 15:58:20 - [TEST_STEP][PASSED] - setText: Text 'Lisa' is set on object 'Object Repository/Page_Execute Automation/input_FirstName'

2018-01-19 15:58:20 - [MESSAGE][PASSED] - Text 'Lisa' is set on object 'Object Repository/Page_Execute Automation/input_FirstName'

2018-01-19 15:58:20 - [TEST_STEP][PASSED] - setText: Text 'Automation' is set on object 'Object Repository/Page_Execute Automation/input_MiddleName'

2018-01-19 15:58:20 - [MESSAGE][PASSED] - Text 'Automation' is set on object 'Object Repository/Page_Execute Automation/input_MiddleName'

2018-01-19 15:58:20 - [TEST_STEP][PASSED] - click: Object: 'Object Repository/Page_Execute Automation/input_Female' is clicked on

2018-01-19 15:58:20 - [MESSAGE][PASSED] - Object: 'Object Repository/Page_Execute Automation/input_Female' is clicked on

2018-01-19 15:58:20 - [TEST_STEP][PASSED] - click: Object: 'Object Repository/Page_Execute Automation/input_Save' is clicked on

2018-01-19 15:58:20 - [MESSAGE][PASSED] - Object: 'Object Repository/Page_Execute Automation/input_Save' is clicked on

2018-01-19 15:58:20 - [TEST_STEP][PASSED] - click: Object: 'Object Repository/Page_Execute Automation/a_HtmlPopup' is clicked on

2018-01-19 15:58:20 - [MESSAGE][PASSED] - Object: 'Object Repository/Page_Execute Automation/a_HtmlPopup' is clicked on

2018-01-19 15:58:20 - [TEST_STEP][PASSED] - switchToWindowTitle: Switched to window with title: 'Popup Window'

2018-01-19 15:58:21 - [MESSAGE][PASSED] - Switched to window with title: 'Popup Window'

2018-01-19 15:58:21 - [TEST_STEP][PASSED] - selectOptionByValue: All options with value '2' are selected in object 'Object Repository/Page_Popup Window/select_TitleId'  using regular expression

2018-01-19 15:58:21 - [MESSAGE][PASSED] - All options with value '2' are selected in object 'Object Repository/Page_Popup Window/select_TitleId'  using regular expression

2018-01-19 15:58:21 - [TEST_STEP][PASSED] - setText: Text 'Merc' is set on object 'Object Repository/Page_Popup Window/input_FirstName'

2018-01-19 15:58:22 - [MESSAGE][PASSED] - Text 'Merc' is set on object 'Object Repository/Page_Popup Window/input_FirstName'

2018-01-19 15:58:22 - [TEST_STEP][PASSED] - setText: Text 'mm' is set on object 'Object Repository/Page_Popup Window/input_MiddleName'

2018-01-19 15:58:22 - [MESSAGE][PASSED] - Text 'mm' is set on object 'Object Repository/Page_Popup Window/input_MiddleName'

2018-01-19 15:58:22 - [TEST_STEP][PASSED] - setText: Text 'mm' is set on object 'Object Repository/Page_Popup Window/input_LastName'

2018-01-19 15:58:22 - [MESSAGE][PASSED] - Text 'mm' is set on object 'Object Repository/Page_Popup Window/input_LastName'

2018-01-19 15:58:22 - [TEST_STEP][PASSED] - setText: Text 'mm' is set on object 'Object Repository/Page_Popup Window/input_Initial'

2018-01-19 15:58:22 - [MESSAGE][PASSED] - Text 'mm' is set on object 'Object Repository/Page_Popup Window/input_Initial'

2018-01-19 15:58:22 - [TEST_STEP][PASSED] - selectOptionByValue: All options with value '4' are selected in object 'Object Repository/Page_Popup Window/select_Country'  using regular expression

2018-01-19 15:58:22 - [MESSAGE][PASSED] - All options with value '4' are selected in object 'Object Repository/Page_Popup Window/select_Country'  using regular expression

2018-01-19 15:58:22 - [TEST_STEP][PASSED] - click: Object: 'Object Repository/Page_Popup Window/input_Save' is clicked on

2018-01-19 15:58:22 - [MESSAGE][PASSED] - Object: 'Object Repository/Page_Popup Window/input_Save' is clicked on

2018-01-19 15:58:22 - [TEST_STEP][PASSED] - switchToWindowTitle: Switched to window with title: 'Execute Automation'

2018-01-19 15:58:22 - [MESSAGE][PASSED] - Switched to window with title: 'Execute Automation'

2018-01-19 15:58:22 - [TEST_STEP][PASSED] - click: Object: 'Object Repository/Page_Execute Automation/input_generate' is clicked on

2018-01-19 15:58:22 - [MESSAGE][PASSED] - Object: 'Object Repository/Page_Execute Automation/input_generate' is clicked on

2018-01-19 15:58:22 - [TEST_STEP][PASSED] - openBrowser: Browser is opened with url: ''

2018-01-19 15:58:22 - [MESSAGE][WARNING] - A browser is already opened. Closing browser and opening a new one

2018-01-19 15:58:26 - [MESSAGE][PASSED] - Browser is opened with url: ''

2018-01-19 15:58:26 - [TEST_STEP][PASSED] - navigateToUrl: Navigate to 'http://executeautomation.com/demosite/Login.html' successfully

2018-01-19 15:58:29 - [MESSAGE][PASSED] - Navigate to 'http://executeautomation.com/demosite/Login.html' successfully

2018-01-19 15:58:29 - [TEST_STEP][PASSED] - Statement - Login(com.kms.katalon.core.testdata.TestDataFactory.findTestData(New Test Data for Test Case).getValue("UserName", row), com.kms.katalon.core.testdata.TestDataFactory.findTestData(New Test Data for Test Case).getValue("Password", row)): Reading excel file with source file 'D:\QA\Book1.xlsx' and sheet name 'Sheet1'

2018-01-19 15:58:29 - [TEST_STEP][PASSED] - setText: Text 'admin1' is set on object 'Object Repository/Page_Execute Automation/input_UserName'

2018-01-19 15:58:30 - [MESSAGE][PASSED] - Text 'admin1' is set on object 'Object Repository/Page_Execute Automation/input_UserName'

2018-01-19 15:58:30 - [TEST_STEP][PASSED] - setText: Object: 'Object Repository/Page_Execute Automation/input_generate' is clicked on

2018-01-19 15:58:30 - [MESSAGE][PASSED] - Text 'admin1' is set on object 'Object Repository/Page_Execute Automation/input_Password'

2018-01-19 15:58:30 - [TEST_STEP][PASSED] - click: Object: 'Object Repository/Page_Execute Automation/input_Login' is clicked on

2018-01-19 15:58:30 - [MESSAGE][PASSED] - Object: 'Object Repository/Page_Execute Automation/input_Login' is clicked on

2018-01-19 15:58:30 - [TEST_STEP][PASSED] - selectOptionByValue: All options with value '2' are selected in object 'Object Repository/Page_Execute Automation/select_TitleId'  using regular expression

2018-01-19 15:58:30 - [MESSAGE][PASSED] - All options with value '2' are selected in object 'Object Repository/Page_Execute Automation/select_TitleId'  using regular expression

2018-01-19 15:58:30 - [TEST_STEP][PASSED] - setText: Text 'LL1' is set on object 'Object Repository/Page_Execute Automation/input_Initial'

2018-01-19 15:58:31 - [MESSAGE][PASSED] - Text 'LL1' is set on object 'Object Repository/Page_Execute Automation/input_Initial'

2018-01-19 15:58:31 - [TEST_STEP][PASSED] - com.lisa.utilities.CommonUtilities.CheckDropDownListElementExist: com.lisa.utilities.CommonUtilities.CheckDropDownListElementExist is PASSED

2018-01-19 15:58:31 - [MESSAGE][PASSED] - com.lisa.utilities.CommonUtilities.CheckDropDownListElementExist is PASSED

2018-01-19 15:58:31 - [TEST_STEP][PASSED] - setText: Text 'Lisa1' is set on object 'Object Repository/Page_Execute Automation/input_FirstName'

2018-01-19 15:58:31 - [MESSAGE][PASSED] - Text 'Lisa1' is set on object 'Object Repository/Page_Execute Automation/input_FirstName'

2018-01-19 15:58:31 - [TEST_STEP][PASSED] - setText: Text 'Automation1' is set on object 'Object Repository/Page_Execute Automation/input_MiddleName'

2018-01-19 15:58:31 - [MESSAGE][PASSED] - Text 'Automation1' is set on object 'Object Repository/Page_Execute Automation/input_MiddleName'

2018-01-19 15:58:31 - [TEST_STEP][PASSED] - click: Object: 'Object Repository/Page_Execute Automation/input_Female' is clicked on

2018-01-19 15:58:31 - [MESSAGE][PASSED] - Object: 'Object Repository/Page_Execute Automation/input_Female' is clicked on

2018-01-19 15:58:31 - [TEST_STEP][PASSED] - click: Object: 'Object Repository/Page_Execute Automation/input_Save' is clicked on

2018-01-19 15:58:31 - [MESSAGE][PASSED] - Object: 'Object Repository/Page_Execute Automation/input_Save' is clicked on

2018-01-19 15:58:31 - [TEST_STEP][PASSED] - click: Object: 'Object Repository/Page_Execute Automation/a_HtmlPopup' is clicked on

2018-01-19 15:58:31 - [MESSAGE][PASSED] - Object: 'Object Repository/Page_Execute Automation/a_HtmlPopup' is clicked on

2018-01-19 15:58:31 - [TEST_STEP][PASSED] - switchToWindowTitle: Switched to window with title: 'Popup Window'

2018-01-19 15:58:32 - [MESSAGE][PASSED] - Switched to window with title: 'Popup Window'

2018-01-19 15:58:32 - [TEST_STEP][PASSED] - selectOptionByValue: All options with value '2' are selected in object 'Object Repository/Page_Popup Window/select_TitleId'  using regular expression

2018-01-19 15:58:33 - [MESSAGE][PASSED] - All options with value '2' are selected in object 'Object Repository/Page_Popup Window/select_TitleId'  using regular expression

2018-01-19 15:58:33 - [TEST_STEP][PASSED] - setText: Text 'Merc' is set on object 'Object Repository/Page_Popup Window/input_FirstName'

2018-01-19 15:58:33 - [MESSAGE][PASSED] - Text 'Merc' is set on object 'Object Repository/Page_Popup Window/input_FirstName'

2018-01-19 15:58:33 - [TEST_STEP][PASSED] - setText: Text 'mm' is set on object 'Object Repository/Page_Popup Window/input_MiddleName'

2018-01-19 15:58:33 - [MESSAGE][PASSED] - Text 'mm' is set on object 'Object Repository/Page_Popup Window/input_MiddleName'

2018-01-19 15:58:33 - [TEST_STEP][PASSED] - setText: Text 'mm' is set on object 'Object Repository/Page_Popup Window/input_LastName'

2018-01-19 15:58:33 - [MESSAGE][PASSED] - Text 'mm' is set on object 'Object Repository/Page_Popup Window/input_LastName'

2018-01-19 15:58:33 - [TEST_STEP][PASSED] - setText: Text 'mm' is set on object 'Object Repository/Page_Popup Window/input_Initial'

2018-01-19 15:58:33 - [MESSAGE][PASSED] - Text 'mm' is set on object 'Object Repository/Page_Popup Window/input_Initial'

2018-01-19 15:58:33 - [TEST_STEP][PASSED] - selectOptionByValue: All options with value '4' are selected in object 'Object Repository/Page_Popup Window/select_Country'  using regular expression

2018-01-19 15:58:33 - [MESSAGE][PASSED] - All options with value '4' are selected in object 'Object Repository/Page_Popup Window/select_Country'  using regular expression

2018-01-19 15:58:33 - [TEST_STEP][PASSED] - click: Object: 'Object Repository/Page_Popup Window/input_Save' is clicked on

2018-01-19 15:58:33 - [MESSAGE][PASSED] - Object: 'Object Repository/Page_Popup Window/input_Save' is clicked on

2018-01-19 15:58:33 - [TEST_STEP][PASSED] - switchToWindowTitle: Switched to window with title: 'Execute Automation'

2018-01-19 15:58:33 - [MESSAGE][PASSED] - Switched to window with title: 'Execute Automation'

2018-01-19 15:58:33 - [TEST_STEP][PASSED] - click: Object: 'Object Repository/Page_Execute Automation/input_generate' is clicked on

2018-01-19 15:58:33 - [MESSAGE][PASSED] - Object: 'Object Repository/Page_Execute Automation/input_generate' is clicked on]]></system-out>
         <system-err><![CDATA[]]></system-err>
      </testcase>
      <testcase name="Test Cases/TC03" classname="Test Cases/TC03" status="FAILED">
         <failure type="FAILED" message="Unable to move mouse over object 'Object Repository/Masoko/Page_Shop Online in Kenya - Pay Con/Page_Shop Online in Kenya - Pay Con/a_Shop by Category' (Root cause: com.kms.katalon.core.webui.exception.WebElementNotFoundException: Web element with id: 'Object Repository/Masoko/Page_Shop Online in Kenya - Pay Con/Page_Shop Online in Kenya - Pay Con/a_Shop by Category' located by 'By.xpath: //a[count(. | //*[@href = 'https://www.masoko.com/all-categories']) = count(//*[@href = 'https://www.masoko.com/all-categories'])][count(. | //*[text() = '
                Shop by Category                                    
                            ']) = count(//*[text() = '
                Shop by Category                                    
                            '])][count(. | /html[1]/body[@class=&quot;cms-home cms-index-index page-layout-1column device--not-touch&quot;]/div[@class=&quot;page-wrapper&quot;]/header[@class=&quot;page-header&quot;]/div[@class=&quot;header-navigation-wrapper desktop-menu&quot;]/div[@class=&quot;nav-container&quot;]/ul[@class=&quot;v-navigation v-navigation--mega&quot;]/li[@class=&quot;v-navigation__item v-navigation__item--main v-navigation__item--level0 v-navigation__item--url-all-categories v-navigation__item--parent v-navigation__item--nav-1 v-navigation__item--animate v-navigation__item--active v-navigation__item--over&quot;]/a[@class=&quot;v-navigation__link v-navigation__link--main v-navigation__link--level0 v-navigation__link--url-all-categories v-navigation__link--parent v-navigation__link--nav-1&quot;]) = count(/html[1]/body[@class=&quot;cms-home cms-index-index page-layout-1column device--not-touch&quot;]/div[@class=&quot;page-wrapper&quot;]/header[@class=&quot;page-header&quot;]/div[@class=&quot;header-navigation-wrapper desktop-menu&quot;]/div[@class=&quot;nav-container&quot;]/ul[@class=&quot;v-navigation v-navigation--mega&quot;]/li[@class=&quot;v-navigation__item v-navigation__item--main v-navigation__item--level0 v-navigation__item--url-all-categories v-navigation__item--parent v-navigation__item--nav-1 v-navigation__item--animate v-navigation__item--active v-navigation__item--over&quot;]/a[@class=&quot;v-navigation__link v-navigation__link--main v-navigation__link--level0 v-navigation__link--url-all-categories v-navigation__link--parent v-navigation__link--nav-1&quot;])]' not found)"/>
         <system-out><![CDATA[2018-01-19 15:58:33 - [TEST_CASE][FAILED] - Test Cases/TC03: Test Cases/TC03 FAILED because (of) Unable to move mouse over object 'Object Repository/Masoko/Page_Shop Online in Kenya - Pay Con/Page_Shop Online in Kenya - Pay Con/a_Shop by Category' (Root cause: com.kms.katalon.core.webui.exception.WebElementNotFoundException: Web element with id: 'Object Repository/Masoko/Page_Shop Online in Kenya - Pay Con/Page_Shop Online in Kenya - Pay Con/a_Shop by Category' located by 'By.xpath: //a[count(. | //*[@href = 'https://www.masoko.com/all-categories']) = count(//*[@href = 'https://www.masoko.com/all-categories'])][count(. | //*[text() = '
                Shop by Category                                    
                            ']) = count(//*[text() = '
                Shop by Category                                    
                            '])][count(. | /html[1]/body[@class="cms-home cms-index-index page-layout-1column device--not-touch"]/div[@class="page-wrapper"]/header[@class="page-header"]/div[@class="header-navigation-wrapper desktop-menu"]/div[@class="nav-container"]/ul[@class="v-navigation v-navigation--mega"]/li[@class="v-navigation__item v-navigation__item--main v-navigation__item--level0 v-navigation__item--url-all-categories v-navigation__item--parent v-navigation__item--nav-1 v-navigation__item--animate v-navigation__item--active v-navigation__item--over"]/a[@class="v-navigation__link v-navigation__link--main v-navigation__link--level0 v-navigation__link--url-all-categories v-navigation__link--parent v-navigation__link--nav-1"]) = count(/html[1]/body[@class="cms-home cms-index-index page-layout-1column device--not-touch"]/div[@class="page-wrapper"]/header[@class="page-header"]/div[@class="header-navigation-wrapper desktop-menu"]/div[@class="nav-container"]/ul[@class="v-navigation v-navigation--mega"]/li[@class="v-navigation__item v-navigation__item--main v-navigation__item--level0 v-navigation__item--url-all-categories v-navigation__item--parent v-navigation__item--nav-1 v-navigation__item--animate v-navigation__item--active v-navigation__item--over"]/a[@class="v-navigation__link v-navigation__link--main v-navigation__link--level0 v-navigation__link--url-all-categories v-navigation__link--parent v-navigation__link--nav-1"])]' not found)

2018-01-19 15:58:34 - [TEST_STEP][PASSED] - openBrowser: Browser is opened with url: ''

2018-01-19 15:58:34 - [MESSAGE][WARNING] - A browser is already opened. Closing browser and opening a new one

2018-01-19 15:58:37 - [MESSAGE][PASSED] - Browser is opened with url: ''

2018-01-19 15:58:37 - [TEST_STEP][PASSED] - navigateToUrl: Navigate to 'https://www.masoko.com/' successfully

2018-01-19 15:58:48 - [MESSAGE][PASSED] - Navigate to 'https://www.masoko.com/' successfully

2018-01-19 15:58:48 - [TEST_STEP][PASSED] - click: Object: 'Object Repository/Masoko/Page_Shop Online in Kenya - Pay Con/img' is clicked on

2018-01-19 15:58:48 - [MESSAGE][PASSED] - Object: 'Object Repository/Masoko/Page_Shop Online in Kenya - Pay Con/img' is clicked on

2018-01-19 15:58:48 - [TEST_STEP][FAILED] - mouseOver: Unable to move mouse over object 'Object Repository/Masoko/Page_Shop Online in Kenya - Pay Con/Page_Shop Online in Kenya - Pay Con/a_Shop by Category' (Root cause: com.kms.katalon.core.webui.exception.WebElementNotFoundException: Web element with id: 'Object Repository/Masoko/Page_Shop Online in Kenya - Pay Con/Page_Shop Online in Kenya - Pay Con/a_Shop by Category' located by 'By.xpath: //a[count(. | //*[@href = 'https://www.masoko.com/all-categories']) = count(//*[@href = 'https://www.masoko.com/all-categories'])][count(. | //*[text() = '
                Shop by Category                                    
                            ']) = count(//*[text() = '
                Shop by Category                                    
                            '])][count(. | /html[1]/body[@class="cms-home cms-index-index page-layout-1column device--not-touch"]/div[@class="page-wrapper"]/header[@class="page-header"]/div[@class="header-navigation-wrapper desktop-menu"]/div[@class="nav-container"]/ul[@class="v-navigation v-navigation--mega"]/li[@class="v-navigation__item v-navigation__item--main v-navigation__item--level0 v-navigation__item--url-all-categories v-navigation__item--parent v-navigation__item--nav-1 v-navigation__item--animate v-navigation__item--active v-navigation__item--over"]/a[@class="v-navigation__link v-navigation__link--main v-navigation__link--level0 v-navigation__link--url-all-categories v-navigation__link--parent v-navigation__link--nav-1"]) = count(/html[1]/body[@class="cms-home cms-index-index page-layout-1column device--not-touch"]/div[@class="page-wrapper"]/header[@class="page-header"]/div[@class="header-navigation-wrapper desktop-menu"]/div[@class="nav-container"]/ul[@class="v-navigation v-navigation--mega"]/li[@class="v-navigation__item v-navigation__item--main v-navigation__item--level0 v-navigation__item--url-all-categories v-navigation__item--parent v-navigation__item--nav-1 v-navigation__item--animate v-navigation__item--active v-navigation__item--over"]/a[@class="v-navigation__link v-navigation__link--main v-navigation__link--level0 v-navigation__link--url-all-categories v-navigation__link--parent v-navigation__link--nav-1"])]' not found)

2018-01-19 15:59:24 - [MESSAGE][FAILED] - Unable to move mouse over object 'Object Repository/Masoko/Page_Shop Online in Kenya - Pay Con/Page_Shop Online in Kenya - Pay Con/a_Shop by Category' (Root cause: com.kms.katalon.core.webui.exception.WebElementNotFoundException: Web element with id: 'Object Repository/Masoko/Page_Shop Online in Kenya - Pay Con/Page_Shop Online in Kenya - Pay Con/a_Shop by Category' located by 'By.xpath: //a[count(. | //*[@href = 'https://www.masoko.com/all-categories']) = count(//*[@href = 'https://www.masoko.com/all-categories'])][count(. | //*[text() = '
                Shop by Category                                    
                            ']) = count(//*[text() = '
                Shop by Category                                    
                            '])][count(. | /html[1]/body[@class="cms-home cms-index-index page-layout-1column device--not-touch"]/div[@class="page-wrapper"]/header[@class="page-header"]/div[@class="header-navigation-wrapper desktop-menu"]/div[@class="nav-container"]/ul[@class="v-navigation v-navigation--mega"]/li[@class="v-navigation__item v-navigation__item--main v-navigation__item--level0 v-navigation__item--url-all-categories v-navigation__item--parent v-navigation__item--nav-1 v-navigation__item--animate v-navigation__item--active v-navigation__item--over"]/a[@class="v-navigation__link v-navigation__link--main v-navigation__link--level0 v-navigation__link--url-all-categories v-navigation__link--parent v-navigation__link--nav-1"]) = count(/html[1]/body[@class="cms-home cms-index-index page-layout-1column device--not-touch"]/div[@class="page-wrapper"]/header[@class="page-header"]/div[@class="header-navigation-wrapper desktop-menu"]/div[@class="nav-container"]/ul[@class="v-navigation v-navigation--mega"]/li[@class="v-navigation__item v-navigation__item--main v-navigation__item--level0 v-navigation__item--url-all-categories v-navigation__item--parent v-navigation__item--nav-1 v-navigation__item--animate v-navigation__item--active v-navigation__item--over"]/a[@class="v-navigation__link v-navigation__link--main v-navigation__link--level0 v-navigation__link--url-all-categories v-navigation__link--parent v-navigation__link--nav-1"])]' not found)
[[ATTACHMENT|C:\\Users\\enguli\\git\\KatalonStudioRepo\\Reports\\AutomationTestSuite1\\20180119_155732\\1516366763651.png]]]]></system-out>
         <system-err><![CDATA[2018-01-19 15:58:33 - [TEST_CASE][FAILED] - Test Cases/TC03: Test Cases/TC03 FAILED because (of) Unable to move mouse over object 'Object Repository/Masoko/Page_Shop Online in Kenya - Pay Con/Page_Shop Online in Kenya - Pay Con/a_Shop by Category' (Root cause: com.kms.katalon.core.webui.exception.WebElementNotFoundException: Web element with id: 'Object Repository/Masoko/Page_Shop Online in Kenya - Pay Con/Page_Shop Online in Kenya - Pay Con/a_Shop by Category' located by 'By.xpath: //a[count(. | //*[@href = 'https://www.masoko.com/all-categories']) = count(//*[@href = 'https://www.masoko.com/all-categories'])][count(. | //*[text() = '
                Shop by Category                                    
                            ']) = count(//*[text() = '
                Shop by Category                                    
                            '])][count(. | /html[1]/body[@class="cms-home cms-index-index page-layout-1column device--not-touch"]/div[@class="page-wrapper"]/header[@class="page-header"]/div[@class="header-navigation-wrapper desktop-menu"]/div[@class="nav-container"]/ul[@class="v-navigation v-navigation--mega"]/li[@class="v-navigation__item v-navigation__item--main v-navigation__item--level0 v-navigation__item--url-all-categories v-navigation__item--parent v-navigation__item--nav-1 v-navigation__item--animate v-navigation__item--active v-navigation__item--over"]/a[@class="v-navigation__link v-navigation__link--main v-navigation__link--level0 v-navigation__link--url-all-categories v-navigation__link--parent v-navigation__link--nav-1"]) = count(/html[1]/body[@class="cms-home cms-index-index page-layout-1column device--not-touch"]/div[@class="page-wrapper"]/header[@class="page-header"]/div[@class="header-navigation-wrapper desktop-menu"]/div[@class="nav-container"]/ul[@class="v-navigation v-navigation--mega"]/li[@class="v-navigation__item v-navigation__item--main v-navigation__item--level0 v-navigation__item--url-all-categories v-navigation__item--parent v-navigation__item--nav-1 v-navigation__item--animate v-navigation__item--active v-navigation__item--over"]/a[@class="v-navigation__link v-navigation__link--main v-navigation__link--level0 v-navigation__link--url-all-categories v-navigation__link--parent v-navigation__link--nav-1"])]' not found)]]></system-err>
      </testcase>
      <system-out><![CDATA[2018-01-19 15:57:36 - [TEST_SUITE][FAILED] - AutomationTestSuite1: Test Cases/TC03 FAILED because (of) Unable to move mouse over object 'Object Repository/Masoko/Page_Shop Online in Kenya - Pay Con/Page_Shop Online in Kenya - Pay Con/a_Shop by Category' (Root cause: com.kms.katalon.core.webui.exception.WebElementNotFoundException: Web element with id: 'Object Repository/Masoko/Page_Shop Online in Kenya - Pay Con/Page_Shop Online in Kenya - Pay Con/a_Shop by Category' located by 'By.xpath: //a[count(. | //*[@href = 'https://www.masoko.com/all-categories']) = count(//*[@href = 'https://www.masoko.com/all-categories'])][count(. | //*[text() = '
                Shop by Category                                    
                            ']) = count(//*[text() = '
                Shop by Category                                    
                            '])][count(. | /html[1]/body[@class="cms-home cms-index-index page-layout-1column device--not-touch"]/div[@class="page-wrapper"]/header[@class="page-header"]/div[@class="header-navigation-wrapper desktop-menu"]/div[@class="nav-container"]/ul[@class="v-navigation v-navigation--mega"]/li[@class="v-navigation__item v-navigation__item--main v-navigation__item--level0 v-navigation__item--url-all-categories v-navigation__item--parent v-navigation__item--nav-1 v-navigation__item--animate v-navigation__item--active v-navigation__item--over"]/a[@class="v-navigation__link v-navigation__link--main v-navigation__link--level0 v-navigation__link--url-all-categories v-navigation__link--parent v-navigation__link--nav-1"]) = count(/html[1]/body[@class="cms-home cms-index-index page-layout-1column device--not-touch"]/div[@class="page-wrapper"]/header[@class="page-header"]/div[@class="header-navigation-wrapper desktop-menu"]/div[@class="nav-container"]/ul[@class="v-navigation v-navigation--mega"]/li[@class="v-navigation__item v-navigation__item--main v-navigation__item--level0 v-navigation__item--url-all-categories v-navigation__item--parent v-navigation__item--nav-1 v-navigation__item--animate v-navigation__item--active v-navigation__item--over"]/a[@class="v-navigation__link v-navigation__link--main v-navigation__link--level0 v-navigation__link--url-all-categories v-navigation__link--parent v-navigation__link--nav-1"])]' not found)]]></system-out>
      <system-err><![CDATA[2018-01-19 15:57:36 - [TEST_SUITE][FAILED] - AutomationTestSuite1: Test Cases/TC03 FAILED because (of) Unable to move mouse over object 'Object Repository/Masoko/Page_Shop Online in Kenya - Pay Con/Page_Shop Online in Kenya - Pay Con/a_Shop by Category' (Root cause: com.kms.katalon.core.webui.exception.WebElementNotFoundException: Web element with id: 'Object Repository/Masoko/Page_Shop Online in Kenya - Pay Con/Page_Shop Online in Kenya - Pay Con/a_Shop by Category' located by 'By.xpath: //a[count(. | //*[@href = 'https://www.masoko.com/all-categories']) = count(//*[@href = 'https://www.masoko.com/all-categories'])][count(. | //*[text() = '
                Shop by Category                                    
                            ']) = count(//*[text() = '
                Shop by Category                                    
                            '])][count(. | /html[1]/body[@class="cms-home cms-index-index page-layout-1column device--not-touch"]/div[@class="page-wrapper"]/header[@class="page-header"]/div[@class="header-navigation-wrapper desktop-menu"]/div[@class="nav-container"]/ul[@class="v-navigation v-navigation--mega"]/li[@class="v-navigation__item v-navigation__item--main v-navigation__item--level0 v-navigation__item--url-all-categories v-navigation__item--parent v-navigation__item--nav-1 v-navigation__item--animate v-navigation__item--active v-navigation__item--over"]/a[@class="v-navigation__link v-navigation__link--main v-navigation__link--level0 v-navigation__link--url-all-categories v-navigation__link--parent v-navigation__link--nav-1"]) = count(/html[1]/body[@class="cms-home cms-index-index page-layout-1column device--not-touch"]/div[@class="page-wrapper"]/header[@class="page-header"]/div[@class="header-navigation-wrapper desktop-menu"]/div[@class="nav-container"]/ul[@class="v-navigation v-navigation--mega"]/li[@class="v-navigation__item v-navigation__item--main v-navigation__item--level0 v-navigation__item--url-all-categories v-navigation__item--parent v-navigation__item--nav-1 v-navigation__item--animate v-navigation__item--active v-navigation__item--over"]/a[@class="v-navigation__link v-navigation__link--main v-navigation__link--level0 v-navigation__link--url-all-categories v-navigation__link--parent v-navigation__link--nav-1"])]' not found)]]></system-err>
   </testsuite>
</testsuites>
